<?xml version="1.0" encoding="UTF-8"?>
<coverage generated="1649844241512" clover="3.2.0">
  <project timestamp="1649844241512" name="All files">
    <metrics statements="135" coveredstatements="99" conditionals="57" coveredconditionals="22" methods="57" coveredmethods="36" elements="249" coveredelements="157" complexity="0" loc="135" ncloc="135" packages="8" files="16" classes="16"/>
    <package name="src">
      <metrics statements="40" coveredstatements="9" conditionals="32" coveredconditionals="2" methods="18" coveredmethods="3"/>
      <file name="App.tsx" path="/Users/dani/workspace/react-pokedex/src/App.tsx">
        <metrics statements="1" coveredstatements="1" conditionals="0" coveredconditionals="0" methods="1" coveredmethods="1"/>
        <line num="14" count="3" type="stmt"/>
      </file>
      <file name="index.js" path="/Users/dani/workspace/react-pokedex/src/index.js">
        <metrics statements="5" coveredstatements="5" conditionals="0" coveredconditionals="0" methods="1" coveredmethods="1"/>
        <line num="13" count="3" type="stmt"/>
        <line num="14" count="3" type="stmt"/>
        <line num="16" count="3" type="stmt"/>
        <line num="19" count="3" type="stmt"/>
        <line num="35" count="3" type="stmt"/>
      </file>
      <file name="serviceWorker.js" path="/Users/dani/workspace/react-pokedex/src/serviceWorker.js">
        <metrics statements="34" coveredstatements="3" conditionals="32" coveredconditionals="2" methods="16" coveredmethods="1"/>
        <line num="13" count="3" type="stmt"/>
        <line num="24" count="0" type="cond" truecount="0" falsecount="4"/>
        <line num="26" count="0" type="stmt"/>
        <line num="27" count="0" type="cond" truecount="0" falsecount="2"/>
        <line num="31" count="0" type="stmt"/>
        <line num="34" count="0" type="stmt"/>
        <line num="35" count="0" type="stmt"/>
        <line num="37" count="0" type="cond" truecount="0" falsecount="2"/>
        <line num="39" count="0" type="stmt"/>
        <line num="43" count="0" type="stmt"/>
        <line num="51" count="0" type="stmt"/>
        <line num="58" count="0" type="stmt"/>
        <line num="61" count="0" type="stmt"/>
        <line num="62" count="0" type="stmt"/>
        <line num="63" count="0" type="cond" truecount="0" falsecount="2"/>
        <line num="64" count="0" type="stmt"/>
        <line num="66" count="0" type="stmt"/>
        <line num="67" count="0" type="cond" truecount="0" falsecount="2"/>
        <line num="68" count="0" type="cond" truecount="0" falsecount="2"/>
        <line num="78" count="0" type="cond" truecount="0" falsecount="4"/>
        <line num="79" count="0" type="stmt"/>
        <line num="88" count="0" type="cond" truecount="0" falsecount="4"/>
        <line num="89" count="0" type="stmt"/>
        <line num="105" count="0" type="stmt"/>
        <line num="110" count="0" type="stmt"/>
        <line num="111" count="0" type="stmt"/>
        <line num="112" count="0" type="cond" truecount="0" falsecount="2"/>
        <line num="117" count="0" type="stmt"/>
        <line num="118" count="0" type="stmt"/>
        <line num="119" count="0" type="stmt"/>
        <line num="124" count="0" type="stmt"/>
        <line num="135" count="3" type="cond" truecount="1" falsecount="1"/>
        <line num="136" count="3" type="stmt"/>
        <line num="138" count="0" type="stmt"/>
      </file>
    </package>
    <package name="src.components.carrusel">
      <metrics statements="4" coveredstatements="4" conditionals="0" coveredconditionals="0" methods="2" coveredmethods="2"/>
      <file name="Carrusel.tsx" path="/Users/dani/workspace/react-pokedex/src/components/carrusel/Carrusel.tsx">
        <metrics statements="4" coveredstatements="4" conditionals="0" coveredconditionals="0" methods="2" coveredmethods="2"/>
        <line num="6" count="3" type="stmt"/>
        <line num="9" count="3" type="stmt"/>
        <line num="11" count="3" type="stmt"/>
        <line num="15" count="24" type="stmt"/>
      </file>
    </package>
    <package name="src.components.header">
      <metrics statements="3" coveredstatements="2" conditionals="0" coveredconditionals="0" methods="2" coveredmethods="1"/>
      <file name="Header.tsx" path="/Users/dani/workspace/react-pokedex/src/components/header/Header.tsx">
        <metrics statements="3" coveredstatements="2" conditionals="0" coveredconditionals="0" methods="2" coveredmethods="1"/>
        <line num="6" count="3" type="stmt"/>
        <line num="8" count="3" type="stmt"/>
        <line num="10" count="0" type="stmt"/>
      </file>
    </package>
    <package name="src.components.lottie">
      <metrics statements="5" coveredstatements="5" conditionals="0" coveredconditionals="0" methods="1" coveredmethods="1"/>
      <file name="Lottie.tsx" path="/Users/dani/workspace/react-pokedex/src/components/lottie/Lottie.tsx">
        <metrics statements="5" coveredstatements="5" conditionals="0" coveredconditionals="0" methods="1" coveredmethods="1"/>
        <line num="5" count="1" type="stmt"/>
        <line num="9" count="1" type="stmt"/>
        <line num="10" count="1" type="stmt"/>
        <line num="12" count="1" type="stmt"/>
        <line num="21" count="1" type="stmt"/>
      </file>
    </package>
    <package name="src.config">
      <metrics statements="4" coveredstatements="4" conditionals="0" coveredconditionals="0" methods="3" coveredmethods="2"/>
      <file name="Config.js" path="/Users/dani/workspace/react-pokedex/src/config/Config.js">
        <metrics statements="1" coveredstatements="1" conditionals="0" coveredconditionals="0" methods="0" coveredmethods="0"/>
        <line num="1" count="1" type="stmt"/>
      </file>
      <file name="I18nConfig.js" path="/Users/dani/workspace/react-pokedex/src/config/I18nConfig.js">
        <metrics statements="3" coveredstatements="3" conditionals="0" coveredconditionals="0" methods="3" coveredmethods="2"/>
        <line num="5" count="3" type="stmt"/>
        <line num="19" count="3" type="stmt"/>
        <line num="25" count="3" type="stmt"/>
      </file>
    </package>
    <package name="src.modules.detail">
      <metrics statements="45" coveredstatements="41" conditionals="21" coveredconditionals="16" methods="19" coveredmethods="16"/>
      <file name="Detail.tsx" path="/Users/dani/workspace/react-pokedex/src/modules/detail/Detail.tsx">
        <metrics statements="15" coveredstatements="14" conditionals="12" coveredconditionals="9" methods="9" coveredmethods="8"/>
        <line num="11" count="3" type="stmt"/>
        <line num="12" count="18" type="stmt"/>
        <line num="13" count="18" type="stmt"/>
        <line num="14" count="24" type="stmt"/>
        <line num="16" count="18" type="stmt"/>
        <line num="17" count="6" type="stmt"/>
        <line num="20" count="18" type="stmt"/>
        <line num="21" count="4" type="cond" truecount="2" falsecount="0"/>
        <line num="22" count="5" type="stmt"/>
        <line num="26" count="15" type="stmt"/>
        <line num="31" count="60" type="stmt"/>
        <line num="36" count="16" type="stmt"/>
        <line num="37" count="6" type="stmt"/>
        <line num="43" count="576" type="stmt"/>
        <line num="47" count="0" type="stmt"/>
      </file>
      <file name="actions.ts" path="/Users/dani/workspace/react-pokedex/src/modules/detail/actions.ts">
        <metrics statements="18" coveredstatements="17" conditionals="0" coveredconditionals="0" methods="7" coveredmethods="6"/>
        <line num="3" count="3" type="stmt"/>
        <line num="4" count="3" type="stmt"/>
        <line num="5" count="3" type="stmt"/>
        <line num="6" count="3" type="stmt"/>
        <line num="7" count="3" type="stmt"/>
        <line num="9" count="3" type="stmt"/>
        <line num="11" count="3" type="stmt"/>
        <line num="12" count="3" type="stmt"/>
        <line num="13" count="3" type="stmt"/>
        <line num="17" count="3" type="stmt"/>
        <line num="18" count="1" type="stmt"/>
        <line num="27" count="3" type="stmt"/>
        <line num="28" count="1" type="stmt"/>
        <line num="29" count="1" type="stmt"/>
        <line num="33" count="1" type="stmt"/>
        <line num="34" count="1" type="stmt"/>
        <line num="42" count="3" type="stmt"/>
        <line num="43" count="0" type="stmt"/>
      </file>
      <file name="reducer.ts" path="/Users/dani/workspace/react-pokedex/src/modules/detail/reducer.ts">
        <metrics statements="12" coveredstatements="10" conditionals="9" coveredconditionals="7" methods="3" coveredmethods="2"/>
        <line num="3" count="3" type="stmt"/>
        <line num="10" count="3" type="cond" truecount="1" falsecount="0"/>
        <line num="11" count="27" type="cond" truecount="5" falsecount="1"/>
        <line num="13" count="3" type="stmt"/>
        <line num="20" count="1" type="stmt"/>
        <line num="25" count="95" type="cond" truecount="1" falsecount="1"/>
        <line num="27" count="1" type="stmt"/>
        <line num="33" count="0" type="stmt"/>
        <line num="37" count="0" type="stmt"/>
        <line num="41" count="1" type="stmt"/>
        <line num="46" count="1" type="stmt"/>
        <line num="52" count="21" type="stmt"/>
      </file>
    </package>
    <package name="src.modules.home">
      <metrics statements="31" coveredstatements="31" conditionals="4" coveredconditionals="4" methods="11" coveredmethods="10"/>
      <file name="Home.tsx" path="/Users/dani/workspace/react-pokedex/src/modules/home/Home.tsx">
        <metrics statements="17" coveredstatements="17" conditionals="0" coveredconditionals="0" methods="7" coveredmethods="6"/>
        <line num="9" count="3" type="stmt"/>
        <line num="10" count="3" type="stmt"/>
        <line num="12" count="3" type="stmt"/>
        <line num="17" count="20" type="stmt"/>
        <line num="18" count="54" type="stmt"/>
        <line num="20" count="54" type="stmt"/>
        <line num="21" count="54" type="stmt"/>
        <line num="23" count="54" type="stmt"/>
        <line num="24" count="54" type="stmt"/>
        <line num="26" count="38" type="stmt"/>
        <line num="27" count="22" type="stmt"/>
        <line num="34" count="62" type="stmt"/>
        <line num="35" count="54" type="stmt"/>
        <line num="38" count="24" type="stmt"/>
        <line num="43" count="283" type="stmt"/>
        <line num="51" count="140" type="stmt"/>
        <line num="56" count="2" type="stmt"/>
      </file>
      <file name="actions.js" path="/Users/dani/workspace/react-pokedex/src/modules/home/actions.js">
        <metrics statements="8" coveredstatements="8" conditionals="0" coveredconditionals="0" methods="3" coveredmethods="3"/>
        <line num="3" count="3" type="stmt"/>
        <line num="4" count="3" type="stmt"/>
        <line num="6" count="3" type="stmt"/>
        <line num="11" count="6" type="stmt"/>
        <line num="13" count="6" type="stmt"/>
        <line num="14" count="6" type="stmt"/>
        <line num="18" count="6" type="stmt"/>
        <line num="23" count="6" type="stmt"/>
      </file>
      <file name="reducer.ts" path="/Users/dani/workspace/react-pokedex/src/modules/home/reducer.ts">
        <metrics statements="6" coveredstatements="6" conditionals="4" coveredconditionals="4" methods="1" coveredmethods="1"/>
        <line num="3" count="3" type="stmt"/>
        <line num="9" count="3" type="cond" truecount="1" falsecount="0"/>
        <line num="10" count="27" type="cond" truecount="3" falsecount="0"/>
        <line num="12" count="6" type="stmt"/>
        <line num="17" count="6" type="stmt"/>
        <line num="24" count="15" type="stmt"/>
      </file>
    </package>
    <package name="src.redux">
      <metrics statements="3" coveredstatements="3" conditionals="0" coveredconditionals="0" methods="1" coveredmethods="1"/>
      <file name="configureStore.js" path="/Users/dani/workspace/react-pokedex/src/redux/configureStore.js">
        <metrics statements="2" coveredstatements="2" conditionals="0" coveredconditionals="0" methods="1" coveredmethods="1"/>
        <line num="7" count="3" type="stmt"/>
        <line num="13" count="3" type="stmt"/>
      </file>
      <file name="reducers.js" path="/Users/dani/workspace/react-pokedex/src/redux/reducers.js">
        <metrics statements="1" coveredstatements="1" conditionals="0" coveredconditionals="0" methods="0" coveredmethods="0"/>
        <line num="4" count="3" type="stmt"/>
      </file>
    </package>
  </project>
</coverage>
