{"total": {"lines":{"total":135,"covered":99,"skipped":0,"pct":73.33},"statements":{"total":141,"covered":102,"skipped":0,"pct":72.34},"functions":{"total":57,"covered":36,"skipped":0,"pct":63.15},"branches":{"total":57,"covered":22,"skipped":0,"pct":38.59},"branchesTrue":{"total":0,"covered":0,"skipped":0,"pct":100}}
,"/Users/dani/workspace/react-pokedex/src/App.tsx": {"lines":{"total":1,"covered":1,"skipped":0,"pct":100},"functions":{"total":1,"covered":1,"skipped":0,"pct":100},"statements":{"total":1,"covered":1,"skipped":0,"pct":100},"branches":{"total":0,"covered":0,"skipped":0,"pct":100}}
,"/Users/dani/workspace/react-pokedex/src/index.js": {"lines":{"total":5,"covered":5,"skipped":0,"pct":100},"functions":{"total":1,"covered":1,"skipped":0,"pct":100},"statements":{"total":5,"covered":5,"skipped":0,"pct":100},"branches":{"total":0,"covered":0,"skipped":0,"pct":100}}
,"/Users/dani/workspace/react-pokedex/src/serviceWorker.js": {"lines":{"total":34,"covered":3,"skipped":0,"pct":8.82},"functions":{"total":16,"covered":1,"skipped":0,"pct":6.25},"statements":{"total":34,"covered":3,"skipped":0,"pct":8.82},"branches":{"total":32,"covered":2,"skipped":0,"pct":6.25}}
,"/Users/dani/workspace/react-pokedex/src/components/carrusel/Carrusel.tsx": {"lines":{"total":4,"covered":4,"skipped":0,"pct":100},"functions":{"total":2,"covered":2,"skipped":0,"pct":100},"statements":{"total":4,"covered":4,"skipped":0,"pct":100},"branches":{"total":0,"covered":0,"skipped":0,"pct":100}}
,"/Users/dani/workspace/react-pokedex/src/components/header/Header.tsx": {"lines":{"total":3,"covered":2,"skipped":0,"pct":66.66},"functions":{"total":2,"covered":1,"skipped":0,"pct":50},"statements":{"total":3,"covered":2,"skipped":0,"pct":66.66},"branches":{"total":0,"covered":0,"skipped":0,"pct":100}}
,"/Users/dani/workspace/react-pokedex/src/components/lottie/Lottie.tsx": {"lines":{"total":5,"covered":5,"skipped":0,"pct":100},"functions":{"total":1,"covered":1,"skipped":0,"pct":100},"statements":{"total":5,"covered":5,"skipped":0,"pct":100},"branches":{"total":0,"covered":0,"skipped":0,"pct":100}}
,"/Users/dani/workspace/react-pokedex/src/config/Config.js": {"lines":{"total":1,"covered":1,"skipped":0,"pct":100},"functions":{"total":0,"covered":0,"skipped":0,"pct":100},"statements":{"total":1,"covered":1,"skipped":0,"pct":100},"branches":{"total":0,"covered":0,"skipped":0,"pct":100}}
,"/Users/dani/workspace/react-pokedex/src/config/I18nConfig.js": {"lines":{"total":3,"covered":3,"skipped":0,"pct":100},"functions":{"total":3,"covered":2,"skipped":0,"pct":66.66},"statements":{"total":3,"covered":3,"skipped":0,"pct":100},"branches":{"total":0,"covered":0,"skipped":0,"pct":100}}
,"/Users/dani/workspace/react-pokedex/src/modules/detail/Detail.tsx": {"lines":{"total":15,"covered":14,"skipped":0,"pct":93.33},"functions":{"total":9,"covered":8,"skipped":0,"pct":88.88},"statements":{"total":18,"covered":15,"skipped":0,"pct":83.33},"branches":{"total":12,"covered":9,"skipped":0,"pct":75}}
,"/Users/dani/workspace/react-pokedex/src/modules/detail/actions.ts": {"lines":{"total":18,"covered":17,"skipped":0,"pct":94.44},"functions":{"total":7,"covered":6,"skipped":0,"pct":85.71},"statements":{"total":18,"covered":17,"skipped":0,"pct":94.44},"branches":{"total":0,"covered":0,"skipped":0,"pct":100}}
,"/Users/dani/workspace/react-pokedex/src/modules/detail/reducer.ts": {"lines":{"total":12,"covered":10,"skipped":0,"pct":83.33},"functions":{"total":3,"covered":2,"skipped":0,"pct":66.66},"statements":{"total":13,"covered":11,"skipped":0,"pct":84.61},"branches":{"total":9,"covered":7,"skipped":0,"pct":77.77}}
,"/Users/dani/workspace/react-pokedex/src/modules/home/Home.tsx": {"lines":{"total":17,"covered":17,"skipped":0,"pct":100},"functions":{"total":7,"covered":6,"skipped":0,"pct":85.71},"statements":{"total":19,"covered":18,"skipped":0,"pct":94.73},"branches":{"total":0,"covered":0,"skipped":0,"pct":100}}
,"/Users/dani/workspace/react-pokedex/src/modules/home/actions.js": {"lines":{"total":8,"covered":8,"skipped":0,"pct":100},"functions":{"total":3,"covered":3,"skipped":0,"pct":100},"statements":{"total":8,"covered":8,"skipped":0,"pct":100},"branches":{"total":0,"covered":0,"skipped":0,"pct":100}}
,"/Users/dani/workspace/react-pokedex/src/modules/home/reducer.ts": {"lines":{"total":6,"covered":6,"skipped":0,"pct":100},"functions":{"total":1,"covered":1,"skipped":0,"pct":100},"statements":{"total":6,"covered":6,"skipped":0,"pct":100},"branches":{"total":4,"covered":4,"skipped":0,"pct":100}}
,"/Users/dani/workspace/react-pokedex/src/redux/configureStore.js": {"lines":{"total":2,"covered":2,"skipped":0,"pct":100},"functions":{"total":1,"covered":1,"skipped":0,"pct":100},"statements":{"total":2,"covered":2,"skipped":0,"pct":100},"branches":{"total":0,"covered":0,"skipped":0,"pct":100}}
,"/Users/dani/workspace/react-pokedex/src/redux/reducers.js": {"lines":{"total":1,"covered":1,"skipped":0,"pct":100},"functions":{"total":0,"covered":0,"skipped":0,"pct":100},"statements":{"total":1,"covered":1,"skipped":0,"pct":100},"branches":{"total":0,"covered":0,"skipped":0,"pct":100}}
}
