{"/Users/dani/workspace/react-pokedex/src/App.tsx": {"path":"/Users/dani/workspace/react-pokedex/src/App.tsx","statementMap":{"0":{"start":{"line":14,"column":2},"end":{"line":29,"column":4}}},"fnMap":{"0":{"name":"App","decl":{"start":{"line":13,"column":9},"end":{"line":13,"column":12}},"loc":{"start":{"line":13,"column":15},"end":{"line":30,"column":1}},"line":13}},"branchMap":{},"s":{"0":3},"f":{"0":3},"b":{},"_coverageSchema":"1a1c01bbd47fc00a2c39e90264f33305004495a9","hash":"325135d9aaf0b3a1a4da70c9b0ab3ed089684c4c"}
,"/Users/dani/workspace/react-pokedex/src/index.js": {"path":"/Users/dani/workspace/react-pokedex/src/index.js","statementMap":{"0":{"start":{"line":13,"column":14},"end":{"line":13,"column":35}},"1":{"start":{"line":14,"column":0},"end":{"line":14,"column":21}},"2":{"start":{"line":16,"column":0},"end":{"line":29,"column":11}},"3":{"start":{"line":19,"column":10},"end":{"line":28,"column":12}},"4":{"start":{"line":35,"column":0},"end":{"line":35,"column":27}}},"fnMap":{"0":{"name":"(anonymous_0)","decl":{"start":{"line":17,"column":10},"end":{"line":17,"column":11}},"loc":{"start":{"line":18,"column":8},"end":{"line":29,"column":9}},"line":18}},"branchMap":{},"s":{"0":3,"1":3,"2":3,"3":3,"4":3},"f":{"0":3},"b":{},"_coverageSchema":"1a1c01bbd47fc00a2c39e90264f33305004495a9","hash":"5ac3a0d094b69ca7f5e3b610c8cf1975ee9aa3c9"}
,"/Users/dani/workspace/react-pokedex/src/serviceWorker.js": {"path":"/Users/dani/workspace/react-pokedex/src/serviceWorker.js","statementMap":{"0":{"start":{"line":13,"column":20},"end":{"line":21,"column":1}},"1":{"start":{"line":24,"column":2},"end":{"line":54,"column":3}},"2":{"start":{"line":26,"column":22},"end":{"line":26,"column":75}},"3":{"start":{"line":27,"column":4},"end":{"line":32,"column":5}},"4":{"start":{"line":31,"column":6},"end":{"line":31,"column":13}},"5":{"start":{"line":34,"column":4},"end":{"line":53,"column":7}},"6":{"start":{"line":35,"column":20},"end":{"line":35,"column":65}},"7":{"start":{"line":37,"column":6},"end":{"line":52,"column":7}},"8":{"start":{"line":39,"column":8},"end":{"line":39,"column":47}},"9":{"start":{"line":43,"column":8},"end":{"line":48,"column":11}},"10":{"start":{"line":51,"column":8},"end":{"line":51,"column":39}},"11":{"start":{"line":58,"column":2},"end":{"line":100,"column":6}},"12":{"start":{"line":61,"column":6},"end":{"line":94,"column":8}},"13":{"start":{"line":62,"column":33},"end":{"line":62,"column":56}},"14":{"start":{"line":63,"column":8},"end":{"line":65,"column":9}},"15":{"start":{"line":64,"column":10},"end":{"line":64,"column":17}},"16":{"start":{"line":66,"column":8},"end":{"line":93,"column":10}},"17":{"start":{"line":67,"column":10},"end":{"line":92,"column":11}},"18":{"start":{"line":68,"column":12},"end":{"line":91,"column":13}},"19":{"start":{"line":78,"column":14},"end":{"line":80,"column":15}},"20":{"start":{"line":79,"column":16},"end":{"line":79,"column":46}},"21":{"start":{"line":88,"column":14},"end":{"line":90,"column":15}},"22":{"start":{"line":89,"column":16},"end":{"line":89,"column":47}},"23":{"start":{"line":105,"column":2},"end":{"line":131,"column":7}},"24":{"start":{"line":110,"column":26},"end":{"line":110,"column":62}},"25":{"start":{"line":111,"column":25},"end":{"line":111,"column":28}},"26":{"start":{"line":112,"column":6},"end":{"line":125,"column":7}},"27":{"start":{"line":117,"column":8},"end":{"line":121,"column":11}},"28":{"start":{"line":118,"column":10},"end":{"line":120,"column":13}},"29":{"start":{"line":119,"column":12},"end":{"line":119,"column":37}},"30":{"start":{"line":124,"column":8},"end":{"line":124,"column":39}},"31":{"start":{"line":135,"column":2},"end":{"line":145,"column":3}},"32":{"start":{"line":136,"column":4},"end":{"line":144,"column":8}},"33":{"start":{"line":138,"column":8},"end":{"line":138,"column":34}}},"fnMap":{"0":{"name":"register","decl":{"start":{"line":23,"column":16},"end":{"line":23,"column":24}},"loc":{"start":{"line":23,"column":33},"end":{"line":55,"column":1}},"line":23},"1":{"name":"(anonymous_1)","decl":{"start":{"line":34,"column":36},"end":{"line":34,"column":37}},"loc":{"start":{"line":34,"column":42},"end":{"line":53,"column":5}},"line":34},"2":{"name":"(anonymous_2)","decl":{"start":{"line":43,"column":43},"end":{"line":43,"column":44}},"loc":{"start":{"line":43,"column":49},"end":{"line":48,"column":9}},"line":43},"3":{"name":"registerValidSW","decl":{"start":{"line":57,"column":9},"end":{"line":57,"column":24}},"loc":{"start":{"line":57,"column":40},"end":{"line":101,"column":1}},"line":57},"4":{"name":"(anonymous_4)","decl":{"start":{"line":60,"column":10},"end":{"line":60,"column":11}},"loc":{"start":{"line":60,"column":26},"end":{"line":95,"column":5}},"line":60},"5":{"name":"(anonymous_5)","decl":{"start":{"line":61,"column":35},"end":{"line":61,"column":36}},"loc":{"start":{"line":61,"column":41},"end":{"line":94,"column":7}},"line":61},"6":{"name":"(anonymous_6)","decl":{"start":{"line":66,"column":41},"end":{"line":66,"column":42}},"loc":{"start":{"line":66,"column":47},"end":{"line":93,"column":9}},"line":66},"7":{"name":"(anonymous_7)","decl":{"start":{"line":97,"column":16},"end":{"line":97,"column":17}},"loc":{"start":{"line":97,"column":22},"end":{"line":99,"column":7}},"line":97},"8":{"name":"checkValidServiceWorker","decl":{"start":{"line":103,"column":9},"end":{"line":103,"column":32}},"loc":{"start":{"line":103,"column":48},"end":{"line":132,"column":1}},"line":103},"9":{"name":"(anonymous_9)","decl":{"start":{"line":108,"column":10},"end":{"line":108,"column":11}},"loc":{"start":{"line":108,"column":22},"end":{"line":126,"column":5}},"line":108},"10":{"name":"(anonymous_10)","decl":{"start":{"line":117,"column":43},"end":{"line":117,"column":44}},"loc":{"start":{"line":117,"column":59},"end":{"line":121,"column":9}},"line":117},"11":{"name":"(anonymous_11)","decl":{"start":{"line":118,"column":41},"end":{"line":118,"column":42}},"loc":{"start":{"line":118,"column":47},"end":{"line":120,"column":11}},"line":118},"12":{"name":"(anonymous_12)","decl":{"start":{"line":127,"column":11},"end":{"line":127,"column":12}},"loc":{"start":{"line":127,"column":17},"end":{"line":131,"column":5}},"line":127},"13":{"name":"unregister","decl":{"start":{"line":134,"column":16},"end":{"line":134,"column":26}},"loc":{"start":{"line":134,"column":29},"end":{"line":146,"column":1}},"line":134},"14":{"name":"(anonymous_14)","decl":{"start":{"line":137,"column":12},"end":{"line":137,"column":13}},"loc":{"start":{"line":137,"column":28},"end":{"line":139,"column":7}},"line":137},"15":{"name":"(anonymous_15)","decl":{"start":{"line":141,"column":20},"end":{"line":141,"column":21}},"loc":{"start":{"line":141,"column":26},"end":{"line":143,"column":9}},"line":141}},"branchMap":{"0":{"loc":{"start":{"line":14,"column":2},"end":{"line":20,"column":5}},"type":"binary-expr","locations":[{"start":{"line":14,"column":2},"end":{"line":14,"column":42}},{"start":{"line":16,"column":4},"end":{"line":16,"column":40}},{"start":{"line":18,"column":4},"end":{"line":20,"column":5}}],"line":14},"1":{"loc":{"start":{"line":24,"column":2},"end":{"line":54,"column":3}},"type":"if","locations":[{"start":{"line":24,"column":2},"end":{"line":54,"column":3}},{"start":{},"end":{}}],"line":24},"2":{"loc":{"start":{"line":24,"column":6},"end":{"line":24,"column":75}},"type":"binary-expr","locations":[{"start":{"line":24,"column":6},"end":{"line":24,"column":43}},{"start":{"line":24,"column":47},"end":{"line":24,"column":75}}],"line":24},"3":{"loc":{"start":{"line":27,"column":4},"end":{"line":32,"column":5}},"type":"if","locations":[{"start":{"line":27,"column":4},"end":{"line":32,"column":5}},{"start":{},"end":{}}],"line":27},"4":{"loc":{"start":{"line":37,"column":6},"end":{"line":52,"column":7}},"type":"if","locations":[{"start":{"line":37,"column":6},"end":{"line":52,"column":7}},{"start":{"line":49,"column":13},"end":{"line":52,"column":7}}],"line":37},"5":{"loc":{"start":{"line":63,"column":8},"end":{"line":65,"column":9}},"type":"if","locations":[{"start":{"line":63,"column":8},"end":{"line":65,"column":9}},{"start":{},"end":{}}],"line":63},"6":{"loc":{"start":{"line":67,"column":10},"end":{"line":92,"column":11}},"type":"if","locations":[{"start":{"line":67,"column":10},"end":{"line":92,"column":11}},{"start":{},"end":{}}],"line":67},"7":{"loc":{"start":{"line":68,"column":12},"end":{"line":91,"column":13}},"type":"if","locations":[{"start":{"line":68,"column":12},"end":{"line":91,"column":13}},{"start":{"line":81,"column":19},"end":{"line":91,"column":13}}],"line":68},"8":{"loc":{"start":{"line":78,"column":14},"end":{"line":80,"column":15}},"type":"if","locations":[{"start":{"line":78,"column":14},"end":{"line":80,"column":15}},{"start":{},"end":{}}],"line":78},"9":{"loc":{"start":{"line":78,"column":18},"end":{"line":78,"column":43}},"type":"binary-expr","locations":[{"start":{"line":78,"column":18},"end":{"line":78,"column":24}},{"start":{"line":78,"column":28},"end":{"line":78,"column":43}}],"line":78},"10":{"loc":{"start":{"line":88,"column":14},"end":{"line":90,"column":15}},"type":"if","locations":[{"start":{"line":88,"column":14},"end":{"line":90,"column":15}},{"start":{},"end":{}}],"line":88},"11":{"loc":{"start":{"line":88,"column":18},"end":{"line":88,"column":44}},"type":"binary-expr","locations":[{"start":{"line":88,"column":18},"end":{"line":88,"column":24}},{"start":{"line":88,"column":28},"end":{"line":88,"column":44}}],"line":88},"12":{"loc":{"start":{"line":112,"column":6},"end":{"line":125,"column":7}},"type":"if","locations":[{"start":{"line":112,"column":6},"end":{"line":125,"column":7}},{"start":{"line":122,"column":13},"end":{"line":125,"column":7}}],"line":112},"13":{"loc":{"start":{"line":113,"column":8},"end":{"line":114,"column":73}},"type":"binary-expr","locations":[{"start":{"line":113,"column":8},"end":{"line":113,"column":38}},{"start":{"line":114,"column":9},"end":{"line":114,"column":28}},{"start":{"line":114,"column":32},"end":{"line":114,"column":72}}],"line":113},"14":{"loc":{"start":{"line":135,"column":2},"end":{"line":145,"column":3}},"type":"if","locations":[{"start":{"line":135,"column":2},"end":{"line":145,"column":3}},{"start":{},"end":{}}],"line":135}},"s":{"0":3,"1":0,"2":0,"3":0,"4":0,"5":0,"6":0,"7":0,"8":0,"9":0,"10":0,"11":0,"12":0,"13":0,"14":0,"15":0,"16":0,"17":0,"18":0,"19":0,"20":0,"21":0,"22":0,"23":0,"24":0,"25":0,"26":0,"27":0,"28":0,"29":0,"30":0,"31":3,"32":3,"33":0},"f":{"0":0,"1":0,"2":0,"3":0,"4":0,"5":0,"6":0,"7":0,"8":0,"9":0,"10":0,"11":0,"12":0,"13":3,"14":0,"15":0},"b":{"0":[3,0,0],"1":[0,0],"2":[0,0],"3":[0,0],"4":[0,0],"5":[0,0],"6":[0,0],"7":[0,0],"8":[0,0],"9":[0,0],"10":[0,0],"11":[0,0],"12":[0,0],"13":[0,0,0],"14":[3,0]},"_coverageSchema":"1a1c01bbd47fc00a2c39e90264f33305004495a9","hash":"6def712b2a065bc20526e5878ae5e24248a59eb6"}
,"/Users/dani/workspace/react-pokedex/src/components/carrusel/Carrusel.tsx": {"path":"/Users/dani/workspace/react-pokedex/src/components/carrusel/Carrusel.tsx","statementMap":{"0":{"start":{"line":6,"column":17},"end":{"line":22,"column":1}},"1":{"start":{"line":9,"column":6},"end":{"line":9,"column":11}},"2":{"start":{"line":11,"column":2},"end":{"line":21,"column":4}},"3":{"start":{"line":15,"column":9},"end":{"line":17,"column":14}}},"fnMap":{"0":{"name":"(anonymous_0)","decl":{"start":{"line":6,"column":17},"end":{"line":6,"column":18}},"loc":{"start":{"line":6,"column":28},"end":{"line":22,"column":1}},"line":6},"1":{"name":"(anonymous_1)","decl":{"start":{"line":14,"column":20},"end":{"line":14,"column":21}},"loc":{"start":{"line":15,"column":9},"end":{"line":17,"column":14}},"line":15}},"branchMap":{},"s":{"0":3,"1":3,"2":3,"3":24},"f":{"0":3,"1":24},"b":{},"_coverageSchema":"1a1c01bbd47fc00a2c39e90264f33305004495a9","hash":"2e91a995c4bc6100f9e8dfbfcb253e9b2e166a68"}
,"/Users/dani/workspace/react-pokedex/src/components/header/Header.tsx": {"path":"/Users/dani/workspace/react-pokedex/src/components/header/Header.tsx","statementMap":{"0":{"start":{"line":6,"column":18},"end":{"line":6,"column":30}},"1":{"start":{"line":8,"column":2},"end":{"line":15,"column":4}},"2":{"start":{"line":10,"column":6},"end":{"line":10,"column":24}}},"fnMap":{"0":{"name":"Header","decl":{"start":{"line":5,"column":9},"end":{"line":5,"column":15}},"loc":{"start":{"line":5,"column":18},"end":{"line":16,"column":1}},"line":5},"1":{"name":"(anonymous_1)","decl":{"start":{"line":9,"column":37},"end":{"line":9,"column":38}},"loc":{"start":{"line":9,"column":43},"end":{"line":11,"column":5}},"line":9}},"branchMap":{},"s":{"0":3,"1":3,"2":0},"f":{"0":3,"1":0},"b":{},"_coverageSchema":"1a1c01bbd47fc00a2c39e90264f33305004495a9","hash":"cfe4f7db5b228b8c0605c5bb0b280add068399e0"}
,"/Users/dani/workspace/react-pokedex/src/components/lottie/Lottie.tsx": {"path":"/Users/dani/workspace/react-pokedex/src/components/lottie/Lottie.tsx","statementMap":{"0":{"start":{"line":5,"column":37},"end":{"line":7,"column":1}},"1":{"start":{"line":9,"column":24},"end":{"line":26,"column":1}},"2":{"start":{"line":10,"column":24},"end":{"line":10,"column":29}},"3":{"start":{"line":12,"column":25},"end":{"line":19,"column":3}},"4":{"start":{"line":21,"column":2},"end":{"line":25,"column":4}}},"fnMap":{"0":{"name":"(anonymous_0)","decl":{"start":{"line":9,"column":24},"end":{"line":9,"column":25}},"loc":{"start":{"line":9,"column":41},"end":{"line":26,"column":1}},"line":9}},"branchMap":{},"s":{"0":1,"1":1,"2":1,"3":1,"4":1},"f":{"0":1},"b":{},"_coverageSchema":"1a1c01bbd47fc00a2c39e90264f33305004495a9","hash":"4253313878adea6b003f2584e7f3f91b1bd2f4e0"}
,"/Users/dani/workspace/react-pokedex/src/config/Config.js": {"path":"/Users/dani/workspace/react-pokedex/src/config/Config.js","statementMap":{"0":{"start":{"line":1,"column":22},"end":{"line":3,"column":1}}},"fnMap":{},"branchMap":{},"s":{"0":1},"f":{},"b":{},"_coverageSchema":"1a1c01bbd47fc00a2c39e90264f33305004495a9","hash":"bc64c38b6d39616e6891e013541181e84c891cd5"}
,"/Users/dani/workspace/react-pokedex/src/config/I18nConfig.js": {"path":"/Users/dani/workspace/react-pokedex/src/config/I18nConfig.js","statementMap":{"0":{"start":{"line":5,"column":2},"end":{"line":31,"column":7}},"1":{"start":{"line":19,"column":6},"end":{"line":24,"column":8}},"2":{"start":{"line":25,"column":6},"end":{"line":30,"column":8}}},"fnMap":{"0":{"name":"configureI18N","decl":{"start":{"line":3,"column":16},"end":{"line":3,"column":29}},"loc":{"start":{"line":3,"column":32},"end":{"line":32,"column":1}},"line":3},"1":{"name":"(anonymous_1)","decl":{"start":{"line":9,"column":25},"end":{"line":9,"column":26}},"loc":{"start":{"line":9,"column":63},"end":{"line":11,"column":7}},"line":9},"2":{"name":"(anonymous_2)","decl":{"start":{"line":18,"column":10},"end":{"line":18,"column":11}},"loc":{"start":{"line":18,"column":15},"end":{"line":31,"column":5}},"line":18}},"branchMap":{},"s":{"0":3,"1":3,"2":3},"f":{"0":3,"1":0,"2":3},"b":{},"_coverageSchema":"1a1c01bbd47fc00a2c39e90264f33305004495a9","hash":"2313992c1c966324b81cd8a8bdd77f2c6710c52a"}
,"/Users/dani/workspace/react-pokedex/src/modules/detail/Detail.tsx": {"path":"/Users/dani/workspace/react-pokedex/src/modules/detail/Detail.tsx","statementMap":{"0":{"start":{"line":11,"column":15},"end":{"line":60,"column":1}},"1":{"start":{"line":12,"column":19},"end":{"line":12,"column":30}},"2":{"start":{"line":13,"column":19},"end":{"line":13,"column":32}},"3":{"start":{"line":14,"column":58},"end":{"line":14,"column":99}},"4":{"start":{"line":14,"column":86},"end":{"line":14,"column":98}},"5":{"start":{"line":16,"column":2},"end":{"line":18,"column":9}},"6":{"start":{"line":17,"column":4},"end":{"line":17,"column":31}},"7":{"start":{"line":20,"column":2},"end":{"line":24,"column":15}},"8":{"start":{"line":21,"column":4},"end":{"line":23,"column":5}},"9":{"start":{"line":22,"column":6},"end":{"line":22,"column":37}},"10":{"start":{"line":26,"column":2},"end":{"line":59,"column":4}},"11":{"start":{"line":31,"column":77},"end":{"line":31,"column":101}},"12":{"start":{"line":36,"column":53},"end":{"line":36,"column":73}},"13":{"start":{"line":37,"column":16},"end":{"line":37,"column":57}},"14":{"start":{"line":43,"column":14},"end":{"line":50,"column":21}},"15":{"start":{"line":47,"column":80},"end":{"line":47,"column":117}}},"fnMap":{"0":{"name":"(anonymous_0)","decl":{"start":{"line":11,"column":15},"end":{"line":11,"column":16}},"loc":{"start":{"line":11,"column":21},"end":{"line":60,"column":1}},"line":11},"1":{"name":"(anonymous_1)","decl":{"start":{"line":14,"column":70},"end":{"line":14,"column":71}},"loc":{"start":{"line":14,"column":86},"end":{"line":14,"column":98}},"line":14},"2":{"name":"(anonymous_2)","decl":{"start":{"line":16,"column":12},"end":{"line":16,"column":13}},"loc":{"start":{"line":16,"column":18},"end":{"line":18,"column":3}},"line":16},"3":{"name":"(anonymous_3)","decl":{"start":{"line":20,"column":12},"end":{"line":20,"column":13}},"loc":{"start":{"line":20,"column":18},"end":{"line":24,"column":3}},"line":20},"4":{"name":"(anonymous_4)","decl":{"start":{"line":31,"column":68},"end":{"line":31,"column":69}},"loc":{"start":{"line":31,"column":77},"end":{"line":31,"column":101}},"line":31},"5":{"name":"(anonymous_5)","decl":{"start":{"line":36,"column":40},"end":{"line":36,"column":41}},"loc":{"start":{"line":36,"column":53},"end":{"line":36,"column":73}},"line":36},"6":{"name":"(anonymous_6)","decl":{"start":{"line":36,"column":79},"end":{"line":36,"column":80}},"loc":{"start":{"line":37,"column":16},"end":{"line":37,"column":57}},"line":37},"7":{"name":"(anonymous_7)","decl":{"start":{"line":42,"column":31},"end":{"line":42,"column":32}},"loc":{"start":{"line":43,"column":14},"end":{"line":50,"column":21}},"line":43},"8":{"name":"(anonymous_8)","decl":{"start":{"line":47,"column":74},"end":{"line":47,"column":75}},"loc":{"start":{"line":47,"column":80},"end":{"line":47,"column":117}},"line":47}},"branchMap":{"0":{"loc":{"start":{"line":21,"column":4},"end":{"line":23,"column":5}},"type":"if","locations":[{"start":{"line":21,"column":4},"end":{"line":23,"column":5}},{"start":{},"end":{}}],"line":21},"1":{"loc":{"start":{"line":28,"column":7},"end":{"line":53,"column":11}},"type":"binary-expr","locations":[{"start":{"line":28,"column":7},"end":{"line":28,"column":14}},{"start":{"line":29,"column":8},"end":{"line":53,"column":11}}],"line":28},"2":{"loc":{"start":{"line":55,"column":7},"end":{"line":56,"column":51}},"type":"binary-expr","locations":[{"start":{"line":55,"column":7},"end":{"line":55,"column":19}},{"start":{"line":55,"column":23},"end":{"line":55,"column":50}},{"start":{"line":56,"column":8},"end":{"line":56,"column":51}}],"line":55}},"s":{"0":3,"1":18,"2":18,"3":18,"4":24,"5":18,"6":6,"7":18,"8":4,"9":5,"10":15,"11":60,"12":16,"13":6,"14":576,"15":0,"16":null,"17":null},"f":{"0":18,"1":24,"2":3,"3":4,"4":60,"5":12,"6":6,"7":576,"8":0},"b":{"0":[1,3],"1":[15,7],"2":[18,4,2],"3":[4,0],"4":[4,0,0]},"_coverageSchema":"1a1c01bbd47fc00a2c39e90264f33305004495a9","hash":"0831ea6522074417c8d7e57d410431a4025b934f"}
,"/Users/dani/workspace/react-pokedex/src/modules/detail/actions.ts": {"path":"/Users/dani/workspace/react-pokedex/src/modules/detail/actions.ts","statementMap":{"0":{"start":{"line":3,"column":43},"end":{"line":3,"column":72}},"1":{"start":{"line":4,"column":44},"end":{"line":4,"column":74}},"2":{"start":{"line":5,"column":41},"end":{"line":5,"column":68}},"3":{"start":{"line":6,"column":42},"end":{"line":6,"column":70}},"4":{"start":{"line":7,"column":27},"end":{"line":7,"column":40}},"5":{"start":{"line":9,"column":12},"end":{"line":9,"column":31}},"6":{"start":{"line":11,"column":26},"end":{"line":24,"column":1}},"7":{"start":{"line":12,"column":2},"end":{"line":23,"column":4}},"8":{"start":{"line":13,"column":4},"end":{"line":15,"column":7}},"9":{"start":{"line":17,"column":4},"end":{"line":22,"column":7}},"10":{"start":{"line":18,"column":6},"end":{"line":21,"column":9}},"11":{"start":{"line":27,"column":30},"end":{"line":40,"column":1}},"12":{"start":{"line":28,"column":2},"end":{"line":39,"column":4}},"13":{"start":{"line":29,"column":4},"end":{"line":31,"column":7}},"14":{"start":{"line":33,"column":4},"end":{"line":38,"column":7}},"15":{"start":{"line":34,"column":6},"end":{"line":37,"column":9}},"16":{"start":{"line":42,"column":26},"end":{"line":47,"column":1}},"17":{"start":{"line":43,"column":2},"end":{"line":46,"column":3}}},"fnMap":{"0":{"name":"(anonymous_0)","decl":{"start":{"line":11,"column":26},"end":{"line":11,"column":27}},"loc":{"start":{"line":11,"column":36},"end":{"line":24,"column":1}},"line":11},"1":{"name":"(anonymous_1)","decl":{"start":{"line":12,"column":9},"end":{"line":12,"column":10}},"loc":{"start":{"line":12,"column":23},"end":{"line":23,"column":3}},"line":12},"2":{"name":"(anonymous_2)","decl":{"start":{"line":17,"column":36},"end":{"line":17,"column":37}},"loc":{"start":{"line":17,"column":48},"end":{"line":22,"column":5}},"line":17},"3":{"name":"(anonymous_3)","decl":{"start":{"line":27,"column":30},"end":{"line":27,"column":31}},"loc":{"start":{"line":27,"column":40},"end":{"line":40,"column":1}},"line":27},"4":{"name":"(anonymous_4)","decl":{"start":{"line":28,"column":9},"end":{"line":28,"column":10}},"loc":{"start":{"line":28,"column":23},"end":{"line":39,"column":3}},"line":28},"5":{"name":"(anonymous_5)","decl":{"start":{"line":33,"column":40},"end":{"line":33,"column":41}},"loc":{"start":{"line":33,"column":50},"end":{"line":38,"column":5}},"line":33},"6":{"name":"(anonymous_6)","decl":{"start":{"line":42,"column":26},"end":{"line":42,"column":27}},"loc":{"start":{"line":42,"column":36},"end":{"line":47,"column":1}},"line":42}},"branchMap":{},"s":{"0":3,"1":3,"2":3,"3":3,"4":3,"5":3,"6":3,"7":3,"8":3,"9":3,"10":1,"11":3,"12":1,"13":1,"14":1,"15":1,"16":3,"17":0},"f":{"0":3,"1":3,"2":1,"3":1,"4":1,"5":1,"6":0},"b":{},"_coverageSchema":"1a1c01bbd47fc00a2c39e90264f33305004495a9","hash":"b5216319cc9eeab3a9835ac1ca093a36f443ef0b"}
,"/Users/dani/workspace/react-pokedex/src/modules/detail/reducer.ts": {"path":"/Users/dani/workspace/react-pokedex/src/modules/detail/reducer.ts","statementMap":{"0":{"start":{"line":3,"column":21},"end":{"line":8,"column":1}},"1":{"start":{"line":10,"column":15},"end":{"line":54,"column":1}},"2":{"start":{"line":11,"column":2},"end":{"line":53,"column":3}},"3":{"start":{"line":13,"column":6},"end":{"line":18,"column":8}},"4":{"start":{"line":20,"column":22},"end":{"line":22,"column":7}},"5":{"start":{"line":25,"column":6},"end":{"line":25,"column":166}},"6":{"start":{"line":25,"column":37},"end":{"line":25,"column":164}},"7":{"start":{"line":27,"column":6},"end":{"line":31,"column":8}},"8":{"start":{"line":33,"column":8},"end":{"line":39,"column":10}},"9":{"start":{"line":37,"column":55},"end":{"line":37,"column":84}},"10":{"start":{"line":41,"column":8},"end":{"line":44,"column":10}},"11":{"start":{"line":46,"column":8},"end":{"line":50,"column":9}},"12":{"start":{"line":52,"column":6},"end":{"line":52,"column":19}}},"fnMap":{"0":{"name":"(anonymous_0)","decl":{"start":{"line":10,"column":15},"end":{"line":10,"column":16}},"loc":{"start":{"line":10,"column":49},"end":{"line":54,"column":1}},"line":10},"1":{"name":"(anonymous_1)","decl":{"start":{"line":25,"column":25},"end":{"line":25,"column":26}},"loc":{"start":{"line":25,"column":37},"end":{"line":25,"column":164}},"line":25},"2":{"name":"(anonymous_2)","decl":{"start":{"line":37,"column":47},"end":{"line":37,"column":48}},"loc":{"start":{"line":37,"column":55},"end":{"line":37,"column":84}},"line":37}},"branchMap":{"0":{"loc":{"start":{"line":10,"column":16},"end":{"line":10,"column":36}},"type":"default-arg","locations":[{"start":{"line":10,"column":24},"end":{"line":10,"column":36}}],"line":10},"1":{"loc":{"start":{"line":11,"column":2},"end":{"line":53,"column":3}},"type":"switch","locations":[{"start":{"line":12,"column":4},"end":{"line":18,"column":8}},{"start":{"line":19,"column":4},"end":{"line":31,"column":8}},{"start":{"line":32,"column":4},"end":{"line":39,"column":10}},{"start":{"line":40,"column":4},"end":{"line":44,"column":10}},{"start":{"line":45,"column":4},"end":{"line":50,"column":9}},{"start":{"line":51,"column":4},"end":{"line":52,"column":19}}],"line":11},"2":{"loc":{"start":{"line":25,"column":37},"end":{"line":25,"column":164}},"type":"cond-expr","locations":[{"start":{"line":25,"column":157},"end":{"line":25,"column":159}},{"start":{"line":25,"column":162},"end":{"line":25,"column":164}}],"line":25}},"s":{"0":3,"1":3,"2":27,"3":3,"4":1,"5":1,"6":95,"7":1,"8":0,"9":0,"10":1,"11":1,"12":21},"f":{"0":27,"1":95,"2":0},"b":{"0":[9],"1":[3,1,0,1,1,21],"2":[95,0]},"_coverageSchema":"1a1c01bbd47fc00a2c39e90264f33305004495a9","hash":"855caa5fece5e15ab4b46f5c56fb39b481815573"}
,"/Users/dani/workspace/react-pokedex/src/modules/home/Home.tsx": {"path":"/Users/dani/workspace/react-pokedex/src/modules/home/Home.tsx","statementMap":{"0":{"start":{"line":9,"column":18},"end":{"line":9,"column":20}},"1":{"start":{"line":10,"column":24},"end":{"line":10,"column":27}},"2":{"start":{"line":12,"column":30},"end":{"line":15,"column":1}},"3":{"start":{"line":17,"column":20},"end":{"line":62,"column":1}},"4":{"start":{"line":18,"column":19},"end":{"line":18,"column":32}},"5":{"start":{"line":20,"column":38},"end":{"line":20,"column":58}},"6":{"start":{"line":21,"column":30},"end":{"line":21,"column":78}},"7":{"start":{"line":23,"column":26},"end":{"line":23,"column":37}},"8":{"start":{"line":24,"column":18},"end":{"line":24,"column":30}},"9":{"start":{"line":26,"column":2},"end":{"line":32,"column":34}},"10":{"start":{"line":27,"column":4},"end":{"line":31,"column":8}},"11":{"start":{"line":34,"column":39},"end":{"line":34,"column":78}},"12":{"start":{"line":34,"column":67},"end":{"line":34,"column":77}},"13":{"start":{"line":35,"column":2},"end":{"line":61,"column":4}},"14":{"start":{"line":38,"column":8},"end":{"line":38,"column":38}},"15":{"start":{"line":43,"column":47},"end":{"line":46,"column":11}},"16":{"start":{"line":51,"column":12},"end":{"line":51,"column":29}},"17":{"start":{"line":56,"column":12},"end":{"line":56,"column":53}}},"fnMap":{"0":{"name":"(anonymous_0)","decl":{"start":{"line":17,"column":20},"end":{"line":17,"column":21}},"loc":{"start":{"line":17,"column":26},"end":{"line":62,"column":1}},"line":17},"1":{"name":"(anonymous_1)","decl":{"start":{"line":26,"column":12},"end":{"line":26,"column":13}},"loc":{"start":{"line":26,"column":18},"end":{"line":32,"column":3}},"line":26},"2":{"name":"(anonymous_2)","decl":{"start":{"line":34,"column":51},"end":{"line":34,"column":52}},"loc":{"start":{"line":34,"column":67},"end":{"line":34,"column":77}},"line":34},"3":{"name":"(anonymous_3)","decl":{"start":{"line":37,"column":67},"end":{"line":37,"column":68}},"loc":{"start":{"line":37,"column":74},"end":{"line":39,"column":7}},"line":37},"4":{"name":"(anonymous_4)","decl":{"start":{"line":43,"column":29},"end":{"line":43,"column":30}},"loc":{"start":{"line":43,"column":47},"end":{"line":46,"column":11}},"line":43},"5":{"name":"(anonymous_5)","decl":{"start":{"line":50,"column":24},"end":{"line":50,"column":25}},"loc":{"start":{"line":50,"column":37},"end":{"line":52,"column":11}},"line":50},"6":{"name":"(anonymous_6)","decl":{"start":{"line":55,"column":22},"end":{"line":55,"column":23}},"loc":{"start":{"line":55,"column":31},"end":{"line":57,"column":11}},"line":55}},"branchMap":{},"s":{"0":3,"1":3,"2":3,"3":20,"4":54,"5":54,"6":54,"7":54,"8":54,"9":38,"10":22,"11":58,"12":62,"13":54,"14":24,"15":283,"16":140,"17":2,"18":null},"f":{"0":54,"1":6,"2":66,"3":9,"4":420,"5":0,"6":3},"b":{},"_coverageSchema":"1a1c01bbd47fc00a2c39e90264f33305004495a9","hash":"637ee7cbe96fc09fff385716b914705d053fe4ff"}
,"/Users/dani/workspace/react-pokedex/src/modules/home/actions.js": {"path":"/Users/dani/workspace/react-pokedex/src/modules/home/actions.js","statementMap":{"0":{"start":{"line":3,"column":37},"end":{"line":3,"column":60}},"1":{"start":{"line":4,"column":38},"end":{"line":4,"column":62}},"2":{"start":{"line":6,"column":20},"end":{"line":29,"column":1}},"3":{"start":{"line":11,"column":6},"end":{"line":11,"column":11}},"4":{"start":{"line":13,"column":2},"end":{"line":28,"column":3}},"5":{"start":{"line":14,"column":4},"end":{"line":16,"column":7}},"6":{"start":{"line":18,"column":4},"end":{"line":27,"column":6}},"7":{"start":{"line":23,"column":6},"end":{"line":26,"column":9}}},"fnMap":{"0":{"name":"(anonymous_0)","decl":{"start":{"line":6,"column":20},"end":{"line":6,"column":21}},"loc":{"start":{"line":6,"column":31},"end":{"line":29,"column":1}},"line":6},"1":{"name":"(anonymous_1)","decl":{"start":{"line":13,"column":9},"end":{"line":13,"column":10}},"loc":{"start":{"line":13,"column":21},"end":{"line":28,"column":3}},"line":13},"2":{"name":"(anonymous_2)","decl":{"start":{"line":22,"column":12},"end":{"line":22,"column":13}},"loc":{"start":{"line":22,"column":24},"end":{"line":27,"column":5}},"line":22}},"branchMap":{},"s":{"0":3,"1":3,"2":3,"3":6,"4":6,"5":6,"6":6,"7":6},"f":{"0":6,"1":6,"2":6},"b":{},"_coverageSchema":"1a1c01bbd47fc00a2c39e90264f33305004495a9","hash":"4f5a02959102e77feee2c2f28ecb5d9710f49c76"}
,"/Users/dani/workspace/react-pokedex/src/modules/home/reducer.ts": {"path":"/Users/dani/workspace/react-pokedex/src/modules/home/reducer.ts","statementMap":{"0":{"start":{"line":3,"column":21},"end":{"line":7,"column":1}},"1":{"start":{"line":9,"column":13},"end":{"line":26,"column":1}},"2":{"start":{"line":10,"column":2},"end":{"line":25,"column":3}},"3":{"start":{"line":12,"column":6},"end":{"line":15,"column":8}},"4":{"start":{"line":17,"column":6},"end":{"line":22,"column":8}},"5":{"start":{"line":24,"column":6},"end":{"line":24,"column":19}}},"fnMap":{"0":{"name":"(anonymous_0)","decl":{"start":{"line":9,"column":13},"end":{"line":9,"column":14}},"loc":{"start":{"line":9,"column":47},"end":{"line":26,"column":1}},"line":9}},"branchMap":{"0":{"loc":{"start":{"line":9,"column":14},"end":{"line":9,"column":34}},"type":"default-arg","locations":[{"start":{"line":9,"column":22},"end":{"line":9,"column":34}}],"line":9},"1":{"loc":{"start":{"line":10,"column":2},"end":{"line":25,"column":3}},"type":"switch","locations":[{"start":{"line":11,"column":4},"end":{"line":15,"column":8}},{"start":{"line":16,"column":4},"end":{"line":22,"column":8}},{"start":{"line":23,"column":4},"end":{"line":24,"column":19}}],"line":10}},"s":{"0":3,"1":3,"2":27,"3":6,"4":6,"5":15},"f":{"0":27},"b":{"0":[9],"1":[6,6,15]},"_coverageSchema":"1a1c01bbd47fc00a2c39e90264f33305004495a9","hash":"3e298bfb9c475f960e05cb2197808b83c5fcbe14"}
,"/Users/dani/workspace/react-pokedex/src/redux/configureStore.js": {"path":"/Users/dani/workspace/react-pokedex/src/redux/configureStore.js","statementMap":{"0":{"start":{"line":7,"column":16},"end":{"line":11,"column":4}},"1":{"start":{"line":13,"column":2},"end":{"line":13,"column":15}}},"fnMap":{"0":{"name":"configureAppStore","decl":{"start":{"line":6,"column":24},"end":{"line":6,"column":41}},"loc":{"start":{"line":6,"column":58},"end":{"line":14,"column":1}},"line":6}},"branchMap":{},"s":{"0":3,"1":3},"f":{"0":3},"b":{},"_coverageSchema":"1a1c01bbd47fc00a2c39e90264f33305004495a9","hash":"183fd59b50838f3bc9c64300b5685a81b22c9ca2"}
,"/Users/dani/workspace/react-pokedex/src/redux/reducers.js": {"path":"/Users/dani/workspace/react-pokedex/src/redux/reducers.js","statementMap":{"0":{"start":{"line":4,"column":24},"end":{"line":7,"column":1}}},"fnMap":{},"branchMap":{},"s":{"0":3},"f":{},"b":{},"_coverageSchema":"1a1c01bbd47fc00a2c39e90264f33305004495a9","hash":"8e5e785a041a7ee28dd03a9c7143ddd8affcb9f2"}
}
