TN:
SF:src/App.tsx
FN:13,App
FNF:1
FNH:1
FNDA:2,App
DA:14,2
LF:1
LH:1
BRF:0
BRH:0
end_of_record
TN:
SF:src/index.js
FN:17,(anonymous_0)
FNF:1
FNH:1
FNDA:2,(anonymous_0)
DA:13,2
DA:14,2
DA:16,2
DA:19,2
DA:35,2
LF:5
LH:5
BRF:0
BRH:0
end_of_record
TN:
SF:src/serviceWorker.js
FN:23,register
FN:34,(anonymous_1)
FN:43,(anonymous_2)
FN:57,registerValidSW
FN:60,(anonymous_4)
FN:61,(anonymous_5)
FN:66,(anonymous_6)
FN:97,(anonymous_7)
FN:103,checkValidServiceWorker
FN:108,(anonymous_9)
FN:117,(anonymous_10)
FN:118,(anonymous_11)
FN:127,(anonymous_12)
FN:134,unregister
FN:137,(anonymous_14)
FN:141,(anonymous_15)
FNF:16
FNH:1
FNDA:0,register
FNDA:0,(anonymous_1)
FNDA:0,(anonymous_2)
FNDA:0,registerValidSW
FNDA:0,(anonymous_4)
FNDA:0,(anonymous_5)
FNDA:0,(anonymous_6)
FNDA:0,(anonymous_7)
FNDA:0,checkValidServiceWorker
FNDA:0,(anonymous_9)
FNDA:0,(anonymous_10)
FNDA:0,(anonymous_11)
FNDA:0,(anonymous_12)
FNDA:2,unregister
FNDA:0,(anonymous_14)
FNDA:0,(anonymous_15)
DA:13,2
DA:24,0
DA:26,0
DA:27,0
DA:31,0
DA:34,0
DA:35,0
DA:37,0
DA:39,0
DA:43,0
DA:51,0
DA:58,0
DA:61,0
DA:62,0
DA:63,0
DA:64,0
DA:66,0
DA:67,0
DA:68,0
DA:78,0
DA:79,0
DA:88,0
DA:89,0
DA:105,0
DA:110,0
DA:111,0
DA:112,0
DA:117,0
DA:118,0
DA:119,0
DA:124,0
DA:135,2
DA:136,2
DA:138,0
LF:34
LH:3
BRDA:14,0,0,2
BRDA:14,0,1,0
BRDA:14,0,2,0
BRDA:24,1,0,0
BRDA:24,1,1,0
BRDA:24,2,0,0
BRDA:24,2,1,0
BRDA:27,3,0,0
BRDA:27,3,1,0
BRDA:37,4,0,0
BRDA:37,4,1,0
BRDA:63,5,0,0
BRDA:63,5,1,0
BRDA:67,6,0,0
BRDA:67,6,1,0
BRDA:68,7,0,0
BRDA:68,7,1,0
BRDA:78,8,0,0
BRDA:78,8,1,0
BRDA:78,9,0,0
BRDA:78,9,1,0
BRDA:88,10,0,0
BRDA:88,10,1,0
BRDA:88,11,0,0
BRDA:88,11,1,0
BRDA:112,12,0,0
BRDA:112,12,1,0
BRDA:113,13,0,0
BRDA:113,13,1,0
BRDA:113,13,2,0
BRDA:135,14,0,2
BRDA:135,14,1,0
BRF:32
BRH:2
end_of_record
TN:
SF:src/components/carrusel/Carrusel.tsx
FN:6,(anonymous_0)
FN:14,(anonymous_1)
FNF:2
FNH:2
FNDA:3,(anonymous_0)
FNDA:24,(anonymous_1)
DA:6,2
DA:9,3
DA:11,3
DA:15,24
LF:4
LH:4
BRF:0
BRH:0
end_of_record
TN:
SF:src/components/header/Header.tsx
FN:5,Header
FN:9,(anonymous_1)
FNF:2
FNH:1
FNDA:2,Header
FNDA:0,(anonymous_1)
DA:6,2
DA:8,2
DA:10,0
LF:3
LH:2
BRF:0
BRH:0
end_of_record
TN:
SF:src/config/I18nConfig.js
FN:3,configureI18N
FN:9,(anonymous_1)
FN:18,(anonymous_2)
FNF:3
FNH:2
FNDA:2,configureI18N
FNDA:0,(anonymous_1)
FNDA:2,(anonymous_2)
DA:5,2
DA:19,2
DA:25,2
LF:3
LH:3
BRF:0
BRH:0
end_of_record
TN:
SF:src/modules/detail/Detail.tsx
FN:11,(anonymous_0)
FN:14,(anonymous_1)
FN:16,(anonymous_2)
FN:20,(anonymous_3)
FN:31,(anonymous_4)
FN:36,(anonymous_5)
FN:36,(anonymous_6)
FN:42,(anonymous_7)
FN:47,(anonymous_8)
FNF:9
FNH:8
FNDA:14,(anonymous_0)
FNDA:19,(anonymous_1)
FNDA:2,(anonymous_2)
FNDA:3,(anonymous_3)
FNDA:60,(anonymous_4)
FNDA:12,(anonymous_5)
FNDA:6,(anonymous_6)
FNDA:576,(anonymous_7)
FNDA:0,(anonymous_8)
DA:11,2
DA:12,14
DA:13,14
DA:14,19
DA:16,14
DA:17,2
DA:20,14
DA:21,3
DA:22,1
DA:26,14
DA:31,60
DA:36,12
DA:37,6
DA:43,576
DA:47,0
LF:15
LH:14
BRDA:21,0,0,1
BRDA:21,0,1,2
BRDA:28,1,0,14
BRDA:28,1,1,6
BRDA:55,2,0,14
BRDA:55,2,1,2
BRDA:55,2,2,0
BRF:7
BRH:6
end_of_record
TN:
SF:src/modules/detail/actions.ts
FN:11,(anonymous_0)
FN:12,(anonymous_1)
FN:17,(anonymous_2)
FN:27,(anonymous_3)
FN:28,(anonymous_4)
FN:33,(anonymous_5)
FN:42,(anonymous_6)
FNF:7
FNH:6
FNDA:2,(anonymous_0)
FNDA:2,(anonymous_1)
FNDA:1,(anonymous_2)
FNDA:1,(anonymous_3)
FNDA:1,(anonymous_4)
FNDA:1,(anonymous_5)
FNDA:0,(anonymous_6)
DA:3,2
DA:4,2
DA:5,2
DA:6,2
DA:7,2
DA:9,2
DA:11,2
DA:12,2
DA:13,2
DA:17,2
DA:18,1
DA:27,2
DA:28,1
DA:29,1
DA:33,1
DA:34,1
DA:42,2
DA:43,0
LF:18
LH:17
BRF:0
BRH:0
end_of_record
TN:
SF:src/modules/detail/reducer.ts
FN:10,(anonymous_0)
FN:25,(anonymous_1)
FN:37,(anonymous_2)
FNF:3
FNH:2
FNDA:19,(anonymous_0)
FNDA:95,(anonymous_1)
FNDA:0,(anonymous_2)
DA:3,2
DA:10,2
DA:11,19
DA:13,2
DA:20,1
DA:25,95
DA:27,1
DA:33,0
DA:37,0
DA:41,1
DA:46,1
DA:52,14
LF:12
LH:10
BRDA:10,0,0,6
BRDA:11,1,0,2
BRDA:11,1,1,1
BRDA:11,1,2,0
BRDA:11,1,3,1
BRDA:11,1,4,1
BRDA:11,1,5,14
BRDA:25,2,0,95
BRDA:25,2,1,0
BRF:9
BRH:7
end_of_record
TN:
SF:src/modules/home/Home.tsx
FN:17,(anonymous_0)
FN:26,(anonymous_1)
FN:34,(anonymous_2)
FN:37,(anonymous_3)
FN:43,(anonymous_4)
FN:50,(anonymous_5)
FN:55,(anonymous_6)
FNF:7
FNH:6
FNDA:36,(anonymous_0)
FNDA:4,(anonymous_1)
FNDA:44,(anonymous_2)
FNDA:6,(anonymous_3)
FNDA:280,(anonymous_4)
FNDA:0,(anonymous_5)
FNDA:2,(anonymous_6)
DA:9,2
DA:10,2
DA:12,2
DA:17,2
DA:18,36
DA:20,36
DA:21,36
DA:23,36
DA:24,36
DA:26,36
DA:27,4
DA:34,44
DA:35,36
DA:38,6
DA:43,280
DA:51,0
DA:56,2
LF:17
LH:16
BRF:0
BRH:0
end_of_record
TN:
SF:src/modules/home/actions.js
FN:6,(anonymous_0)
FN:13,(anonymous_1)
FN:22,(anonymous_2)
FNF:3
FNH:3
FNDA:4,(anonymous_0)
FNDA:4,(anonymous_1)
FNDA:4,(anonymous_2)
DA:3,2
DA:4,2
DA:6,2
DA:11,4
DA:13,4
DA:14,4
DA:18,4
DA:23,4
LF:8
LH:8
BRF:0
BRH:0
end_of_record
TN:
SF:src/modules/home/reducer.ts
FN:9,(anonymous_0)
FNF:1
FNH:1
FNDA:19,(anonymous_0)
DA:3,2
DA:9,2
DA:10,19
DA:12,4
DA:17,4
DA:24,11
LF:6
LH:6
BRDA:9,0,0,6
BRDA:10,1,0,4
BRDA:10,1,1,4
BRDA:10,1,2,11
BRF:4
BRH:4
end_of_record
TN:
SF:src/redux/configureStore.js
FN:6,configureAppStore
FNF:1
FNH:1
FNDA:2,configureAppStore
DA:7,2
DA:13,2
LF:2
LH:2
BRF:0
BRH:0
end_of_record
TN:
SF:src/redux/reducers.js
FNF:0
FNH:0
DA:4,2
LF:1
LH:1
BRF:0
BRH:0
end_of_record
